  RSA.cpp
  Unknown compiler version - please run the configure tests and report the results
e:\bite learn\boost_1_58_0\boost\format\alt_sstream_impl.hpp : warning C4819: 该文件包含不能在当前代码页(936)中表示的字符。请将该文件保存为 Unicode 格式以防止数据丢失
e:\bite learn\rsa\rsa\rsa.cpp(24): warning C4244: “参数”: 从“time_t”转换到“const UIntType”，可能丢失数据
          with
          [
              UIntType=uint32_t
          ]
e:\bite learn\rsa\rsa\rsa.cpp(44): warning C4244: “参数”: 从“time_t”转换到“const UIntType”，可能丢失数据
          with
          [
              UIntType=uint32_t
          ]
e:\bite learn\rsa\rsa\rsa.cpp(68): warning C4244: “参数”: 从“time_t”转换到“const UIntType”，可能丢失数据
          with
          [
              UIntType=uint32_t
          ]
e:\bite learn\rsa\rsa\rsa.cpp(199): warning C4244: “初始化”: 从“std::streamsize”转换到“int”，可能丢失数据
e:\bite learn\rsa\rsa\rsa.cpp(228): warning C4244: “初始化”: 从“std::streamsize”转换到“int”，可能丢失数据
  RSA.vcxproj -> E:\bite learn\RSA\Debug\RSA.exe
